<?xml version="1.0" encoding="UTF-8"?>
<testsuite xmlns:xsi="http://www.w3.org/2001/XMLSchema-instance" xsi:noNamespaceSchemaLocation="https://maven.apache.org/surefire/maven-surefire-plugin/xsd/surefire-test-report-3.0.xsd" version="3.0" name="TestSuite" time="12.175" tests="3" errors="0" skipped="0" failures="0">
  <properties>
[...]
</properties>
  <testcase name="Navigate[Rediff.com: News | Rediffmail | Stock Quotes | Rediff Gurus, Rediff.com](1)" classname="TestCase.Test1" time="1.165">
    <system-err><![CDATA[SLF4J: Failed to load class "org.slf4j.impl.StaticLoggerBinder".
SLF4J: Defaulting to no-operation (NOP) logger implementation
SLF4J: See http://www.slf4j.org/codes.html#StaticLoggerBinder for further details.
]]></system-err>
  </testcase>
  <testcase name="account[Rediff.com: News | Rediffmail | Stock Quotes | Rediff Gurus, Create Account, FormName=user_details](1)" classname="TestCase.Test2" time="2.117"/>
  <testcase name="mailAvailability[Rediff.com: News | Rediffmail | Stock Quotes | Rediff Gurus, Create Account, Shailesh Kumar, Shailesh.2026, Yippie! The ID you&apos;ve chosen is available.](1)" classname="TestCase.Test3" time="2.774">
    <system-out><![CDATA[Yippie! The ID you've chosen is available.
]]></system-out>
  </testcase>
</testsuite>