<?xml version="1.0" encoding="UTF-8"?>
<testng-results ignored="0" total="3" passed="3" failed="0" skipped="0">
  <reporter-output>
    <line>
      <![CDATA[Testcase 1 Title Asssertion pass]]>
    </line>
    <line>
      <![CDATA[Testcase 2 Url Assertion pass]]>
    </line>
    <line>
      <![CDATA[Testcase 3 Text Assertion pass]]>
    </line>
  </reporter-output>
  <suite started-at="2026-01-17T13:47:26 UTC" name="Suite" finished-at="2026-01-17T13:47:37 UTC" duration-ms="11004">
    <groups>
    </groups>
    <test started-at="2026-01-17T13:47:26 UTC" name="Test" finished-at="2026-01-17T13:47:37 UTC" duration-ms="11004">
      <class name="TestCase.Test3">
        <test-method is-config="true" signature="open()[pri:0, instance:TestCase.Test3@3ad83a66]" started-at="2026-01-17T13:47:33 UTC" name="open" finished-at="2026-01-17T13:47:34 UTC" duration-ms="1308" status="PASS">
          <reporter-output>
          </reporter-output>
        </test-method> <!-- open -->
        <test-method signature="mailAvailability(java.lang.String,java.lang.String,java.lang.String,java.lang.String,java.lang.String)[pri:0, instance:TestCase.Test3@3ad83a66]" started-at="2026-01-17T13:47:34 UTC" name="mailAvailability" data-provider="data3" finished-at="2026-01-17T13:47:37 UTC" duration-ms="2775" status="PASS">
          <params>
            <param index="0">
              <value>
                <![CDATA[Rediff.com: News | Rediffmail | Stock Quotes | Rediff Gurus]]>
              </value>
            </param>
            <param index="1">
              <value>
                <![CDATA[Create Account]]>
              </value>
            </param>
            <param index="2">
              <value>
                <![CDATA[Shailesh Kumar]]>
              </value>
            </param>
            <param index="3">
              <value>
                <![CDATA[Shailesh.2026]]>
              </value>
            </param>
            <param index="4">
              <value>
                <![CDATA[Yippie! The ID you've chosen is available.]]>
              </value>
            </param>
          </params>
          <reporter-output>
            <line>
              <![CDATA[Testcase 3 Text Assertion pass]]>
            </line>
          </reporter-output>
        </test-method> <!-- mailAvailability -->
        <test-method is-config="true" signature="close()[pri:0, instance:TestCase.Test3@3ad83a66]" started-at="2026-01-17T13:47:37 UTC" name="close" finished-at="2026-01-17T13:47:37 UTC" duration-ms="92" status="PASS">
          <reporter-output>
          </reporter-output>
        </test-method> <!-- close -->
      </class> <!-- TestCase.Test3 -->
      <class name="TestCase.Test2">
        <test-method is-config="true" signature="open()[pri:0, instance:TestCase.Test2@5745ca0e]" started-at="2026-01-17T13:47:30 UTC" name="open" finished-at="2026-01-17T13:47:31 UTC" duration-ms="1242" status="PASS">
          <reporter-output>
          </reporter-output>
        </test-method> <!-- open -->
        <test-method signature="account(java.lang.String,java.lang.String,java.lang.String)[pri:0, instance:TestCase.Test2@5745ca0e]" started-at="2026-01-17T13:47:31 UTC" name="account" data-provider="data2" finished-at="2026-01-17T13:47:33 UTC" duration-ms="2119" status="PASS">
          <params>
            <param index="0">
              <value>
                <![CDATA[Rediff.com: News | Rediffmail | Stock Quotes | Rediff Gurus]]>
              </value>
            </param>
            <param index="1">
              <value>
                <![CDATA[Create Account]]>
              </value>
            </param>
            <param index="2">
              <value>
                <![CDATA[FormName=user_details]]>
              </value>
            </param>
          </params>
          <reporter-output>
            <line>
              <![CDATA[Testcase 2 Url Assertion pass]]>
            </line>
          </reporter-output>
        </test-method> <!-- account -->
        <test-method is-config="true" signature="close()[pri:0, instance:TestCase.Test2@5745ca0e]" started-at="2026-01-17T13:47:33 UTC" name="close" finished-at="2026-01-17T13:47:33 UTC" duration-ms="89" status="PASS">
          <reporter-output>
          </reporter-output>
        </test-method> <!-- close -->
      </class> <!-- TestCase.Test2 -->
      <class name="TestCase.Test1">
        <test-method is-config="true" signature="open()[pri:0, instance:TestCase.Test1@6d60fe40]" started-at="2026-01-17T13:47:26 UTC" name="open" finished-at="2026-01-17T13:47:28 UTC" duration-ms="2035" status="PASS">
          <reporter-output>
          </reporter-output>
        </test-method> <!-- open -->
        <test-method signature="Navigate(java.lang.String,java.lang.String)[pri:0, instance:TestCase.Test1@6d60fe40]" started-at="2026-01-17T13:47:28 UTC" name="Navigate" data-provider="data1" finished-at="2026-01-17T13:47:30 UTC" duration-ms="1164" status="PASS">
          <params>
            <param index="0">
              <value>
                <![CDATA[Rediff.com: News | Rediffmail | Stock Quotes | Rediff Gurus]]>
              </value>
            </param>
            <param index="1">
              <value>
                <![CDATA[Rediff.com]]>
              </value>
            </param>
          </params>
          <reporter-output>
            <line>
              <![CDATA[Testcase 1 Title Asssertion pass]]>
            </line>
          </reporter-output>
        </test-method> <!-- Navigate -->
        <test-method is-config="true" signature="close()[pri:0, instance:TestCase.Test1@6d60fe40]" started-at="2026-01-17T13:47:30 UTC" name="close" finished-at="2026-01-17T13:47:30 UTC" duration-ms="109" status="PASS">
          <reporter-output>
          </reporter-output>
        </test-method> <!-- close -->
      </class> <!-- TestCase.Test1 -->
    </test> <!-- Test -->
  </suite> <!-- Suite -->
</testng-results>
