<?xml version="1.0" encoding="UTF-8"?>
<!-- Generated by org.testng.reporters.JUnitReportReporter -->
<testsuite hostname="ip-172-31-2-70" failures="0" tests="1" name="TestCase.Test1" time="3.308" errors="0" timestamp="2026-01-17T13:47:38 UTC" skipped="0">
  <testcase classname="TestCase.Test1" name="Navigate" time="3.308">
    <system-out>
      <![CDATA[Testcase 1 Title Asssertion pass]]>
    </system-out>
  </testcase> <!-- Navigate -->
  <system-out>
    <![CDATA[Testcase 1 Title Asssertion pass
Testcase 2 Url Assertion pass
Testcase 3 Text Assertion pass]]>
  </system-out>
</testsuite> <!-- TestCase.Test1 -->
