<?xml version="1.0" encoding="UTF-8"?>
<!-- Generated by org.testng.reporters.JUnitReportReporter -->
<testsuite hostname="ip-172-31-2-70" failures="0" tests="1" name="TestCase.Test3" time="4.175" errors="0" timestamp="2026-01-17T13:47:38 UTC" skipped="0">
  <testcase classname="TestCase.Test3" name="mailAvailability" time="4.175">
    <system-out>
      <![CDATA[Testcase 3 Text Assertion pass]]>
    </system-out>
  </testcase> <!-- mailAvailability -->
  <system-out>
    <![CDATA[Testcase 1 Title Asssertion pass
Testcase 2 Url Assertion pass
Testcase 3 Text Assertion pass]]>
  </system-out>
</testsuite> <!-- TestCase.Test3 -->
